\BOOKMARK [2][-]{subsection.0.1}{\376\377\0000\0000\0000\0009\0002\000-\173\227\154\325}{}% 1
\BOOKMARK [2][-]{subsection.0.2}{\376\377\0000\0000\0000\0009\0003\000-\176\277\140\047\210\150\166\204\220\073\217\221\162\171\140\047}{}% 2
\BOOKMARK [2][-]{subsection.0.3}{\376\377\0000\0000\0000\0009\0004\000-\176\277\140\047\210\150\166\204\133\130\120\250\176\323\147\204}{}% 3
\BOOKMARK [2][-]{subsection.0.4}{\376\377\0000\0000\0000\0009\0005\000-\176\277\140\047\210\150\166\204\133\232\116\111}{}% 4
\BOOKMARK [2][-]{subsection.0.5}{\376\377\0000\0000\0000\0009\0006\000-\230\172\136\217\210\150\144\315\117\134}{}% 5
\BOOKMARK [2][-]{subsection.0.6}{\376\377\0000\0000\0000\0009\0007\000-\123\125\224\376\210\150\144\315\117\134}{}% 6
\BOOKMARK [2][-]{subsection.0.7}{\376\377\0000\0000\0000\0009\0008\000-\123\314\224\376\210\150\144\315\117\134}{}% 7
\BOOKMARK [2][-]{subsection.0.8}{\376\377\0000\0000\0000\0009\0009\000-\137\252\163\257\224\376\210\150\144\315\117\134}{}% 8
\BOOKMARK [2][-]{subsection.0.9}{\376\377\0000\0000\0001\0000\0000\000-\116\000\121\103\131\032\230\171\137\017\166\204\210\150\171\072\123\312\166\370\122\240}{}% 9
\BOOKMARK [2][-]{subsection.0.10}{\376\377\0000\0000\0001\0000\0001\000-\150\010\166\204\133\232\116\111}{}% 10
\BOOKMARK [2][-]{subsection.0.11}{\376\377\0000\0000\0001\0000\0002\000-\226\037\122\027\166\204\133\232\116\111}{}% 11
\BOOKMARK [2][-]{subsection.0.12}{\376\377\0000\0000\0001\0000\0003\000-\230\172\136\217\150\010\166\204\133\232\116\111}{}% 12
\BOOKMARK [2][-]{subsection.0.13}{\376\377\0000\0000\0001\0000\0004\000-\230\172\136\217\226\037\166\204\133\232\116\111}{}% 13
\BOOKMARK [2][-]{subsection.0.14}{\376\377\0000\0000\0001\0000\0005\000-\137\252\163\257\226\037\122\027}{}% 14
\BOOKMARK [2][-]{subsection.0.15}{\376\377\0000\0000\0001\0000\0006\000-\224\376\150\010\166\204\133\232\116\111}{}% 15
\BOOKMARK [2][-]{subsection.0.16}{\376\377\0000\0000\0001\0000\0007\000-\224\376\226\037\166\204\133\232\116\111}{}% 16
\BOOKMARK [2][-]{subsection.0.17}{\376\377\0000\0000\0001\0000\0008\000-\224\376\226\037\166\204\226\037\172\172\140\305\121\265}{}% 17
\BOOKMARK [2][-]{subsection.0.18}{\376\377\0000\0000\0001\0000\0009\000-\150\010\166\204\136\224\165\050}{}% 18
\BOOKMARK [2][-]{subsection.0.19}{\376\377\0000\0000\0001\0001\0000\000-\226\037\122\027\166\204\136\224\165\050}{}% 19
\BOOKMARK [2][-]{subsection.0.20}{\376\377\0000\0000\0001\0001\0001\000-\230\172\136\217\133\130\120\250}{}% 20
\BOOKMARK [2][-]{subsection.0.21}{\376\377\0000\0000\0001\0001\0002\000-\162\171\153\212\167\351\226\065\166\204\123\213\177\051\133\130\120\250}{}% 21
\BOOKMARK [2][-]{subsection.0.22}{\376\377\0000\0000\0001\0001\0003\000-\150\021\166\370\121\163\166\204\127\372\147\054\151\202\137\365}{}% 22
\BOOKMARK [2][-]{subsection.0.23}{\376\377\0000\0000\0001\0001\0004\000-\116\214\123\311\150\021\166\204\133\232\116\111}{}% 23
\BOOKMARK [2][-]{subsection.0.24}{\376\377\0000\0000\0001\0001\0005\000-\116\214\123\311\150\021\166\204\140\047\215\050}{}% 24
\BOOKMARK [2][-]{subsection.0.25}{\376\377\0000\0000\0001\0001\0006\000-\116\214\123\311\150\021\166\204\133\130\120\250\176\323\147\204}{}% 25
\BOOKMARK [2][-]{subsection.0.26}{\376\377\0000\0000\0001\0001\0007\000-\116\214\123\311\150\021\166\204\220\115\123\206\173\227\154\325}{}% 26
\BOOKMARK [2][-]{subsection.0.27}{\376\377\0000\0000\0001\0001\0008\000-\116\214\123\311\150\021\166\204\147\204\220\040}{}% 27
\BOOKMARK [2][-]{subsection.0.28}{\376\377\0000\0000\0001\0001\0009\000-\176\277\175\042\116\214\123\311\150\021}{}% 28
\BOOKMARK [2][-]{subsection.0.29}{\376\377\0000\0000\0001\0002\0000\000-\150\021\166\204\133\130\120\250\176\323\147\204}{}% 29
\BOOKMARK [2][-]{subsection.0.30}{\376\377\0000\0000\0001\0002\0001\000-\150\356\147\227\116\016\116\214\123\311\150\021\166\204\217\154\143\142}{}% 30
\BOOKMARK [2][-]{subsection.0.31}{\376\377\0000\0000\0001\0002\0002\000-\150\021\124\214\150\356\147\227\166\204\220\115\123\206}{}% 31
\BOOKMARK [2][-]{subsection.0.32}{\376\377\0000\0000\0001\0002\0003\000-\116\214\123\311\143\222\136\217\150\021}{}% 32
\BOOKMARK [2][-]{subsection.0.33}{\376\377\0000\0000\0001\0002\0004\000-\136\163\210\141\116\214\123\311\150\021}{}% 33
\BOOKMARK [2][-]{subsection.0.34}{\376\377\0000\0000\0001\0002\0005\000-\215\153\131\053\146\374\150\021\124\214\215\153\131\053\146\374\177\026\170\001}{}% 34
\BOOKMARK [2][-]{subsection.0.35}{\376\377\0000\0000\0001\0002\0006\000-\126\376\166\370\121\163\166\204\127\372\147\054\151\202\137\365}{}% 35
\BOOKMARK [2][-]{subsection.0.36}{\376\377\0000\0000\0001\0002\0007\000-\126\376\166\204\133\130\120\250\176\323\147\204}{}% 36
\BOOKMARK [2][-]{subsection.0.37}{\376\377\0000\0000\0001\0002\0008\000-\126\376\166\204\220\115\123\206}{}% 37
\BOOKMARK [2][-]{subsection.0.38}{\376\377\0000\0000\0001\0002\0009\000-\147\000\134\017\377\010\116\343\116\367\377\011\165\037\142\020\150\021}{}% 38
\BOOKMARK [2][-]{subsection.0.39}{\376\377\0000\0000\0001\0003\0000\000-\147\000\167\355\215\357\137\204}{}% 39
\BOOKMARK [2][-]{subsection.0.40}{\376\377\0000\0000\0001\0003\0001\000-\142\323\142\121\143\222\136\217}{}% 40
\BOOKMARK [2][-]{subsection.0.41}{\376\377\0000\0000\0001\0003\0002\000-\121\163\225\056\215\357\137\204}{}% 41
\BOOKMARK [2][-]{subsection.0.42}{\376\377\0000\0000\0001\0003\0004\000-\230\172\136\217\147\345\142\176\154\325}{}% 42
\BOOKMARK [2][-]{subsection.0.43}{\376\377\0000\0000\0001\0003\0005\000-\122\006\127\127\147\345\142\176}{}% 43
\BOOKMARK [2][-]{subsection.0.44}{\376\377\0000\0000\0001\0003\0006\000-\142\230\123\112\147\345\142\176\154\325}{}% 44
\BOOKMARK [2][-]{subsection.0.45}{\376\377\0000\0000\0001\0003\0007\000-\000B\000-\150\021}{}% 45
\BOOKMARK [2][-]{subsection.0.46}{\376\377\0000\0000\0001\0003\0008\000-\000B\000+\150\021}{}% 46
\BOOKMARK [2][-]{subsection.0.47}{\376\377\0000\0000\0001\0003\0009\000-\145\143\122\027\210\150}{}% 47
\BOOKMARK [2][-]{subsection.0.48}{\376\377\0000\0000\0001\0004\0000\000-\136\163\127\107\147\345\142\176\225\177\136\246\000A\000S\000L}{}% 48
\BOOKMARK [2][-]{subsection.0.49}{\376\377\0000\0000\0001\0004\0001\000-\124\004\171\315\147\345\142\176\173\227\154\325\122\006\147\220}{}% 49
\BOOKMARK [2][-]{subsection.0.50}{\376\377\0000\0000\0001\0004\0002\000-\143\222\136\217\166\204\127\372\147\054\151\202\137\365}{}% 50
\BOOKMARK [2][-]{subsection.0.51}{\376\377\0000\0000\0001\0004\0006\000-\166\364\143\245\143\322\121\145\143\222\136\217}{}% 51
\BOOKMARK [2][-]{subsection.0.52}{\376\377\0000\0000\0001\0004\0007\000-\142\230\123\112\143\322\121\145\143\222\136\217}{}% 52
\BOOKMARK [2][-]{subsection.0.53}{\376\377\0000\0000\0001\0004\0008\000-\215\167\154\341\143\222\136\217}{}% 53
\BOOKMARK [2][-]{subsection.0.54}{\376\377\0000\0000\0001\0004\0009\000-\173\200\123\125\220\011\142\351\143\222\136\217}{}% 54
\BOOKMARK [2][-]{subsection.0.55}{\376\377\0000\0000\0001\0005\0000\000-\136\014\134\024\143\222\136\217}{}% 55
\BOOKMARK [2][-]{subsection.0.56}{\376\377\0000\0000\0001\0005\0001\000-\137\353\220\037\143\222\136\217}{}% 56
\BOOKMARK [2][-]{subsection.0.57}{\376\377\0000\0000\0001\0005\0002\000-\130\006\143\222\136\217}{}% 57
\BOOKMARK [2][-]{subsection.0.58}{\376\377\0000\0000\0001\0005\0003\000-\116\214\215\357\137\122\136\166\143\222\136\217}{}% 58
\BOOKMARK [2][-]{subsection.0.59}{\376\377\0000\0000\0001\0005\0004\000-\127\372\145\160\143\222\136\217}{}% 59
\BOOKMARK [2][-]{subsection.0.60}{\376\377\0000\0000\0001\0005\0005\000-\131\026\220\350\143\222\136\217}{}% 60
\BOOKMARK [2][-]{subsection.0.61}{\376\377\0000\0000\0001\0005\0006\000-\124\004\171\315\143\222\136\217\173\227\154\325\166\204\153\324\217\203}{}% 61
\BOOKMARK [2][-]{subsection.0.62}{\376\377\0000\0000\0002\0007\0005\000-\150\300\225\031\177\026\170\001\124\214\176\240\225\031\177\026\170\001}{}% 62
\BOOKMARK [3][-]{subsubsection.0.62.1}{\376\377\000\040\0001\377\016\150\300\225\031\177\026\170\001}{subsection.0.62}% 63
\BOOKMARK [2][-]{subsection.0.63}{\376\377\0000\0003\0006\0008\0006\000-\213\241\173\227\147\072\177\121\176\334\166\204\122\237\200\375}{}% 64
\BOOKMARK [2][-]{subsection.0.64}{\376\377\0000\0003\0006\0008\0007\000-\213\241\173\227\147\072\177\121\176\334\166\204\122\006\174\173}{}% 65
\BOOKMARK [2][-]{subsection.0.65}{\376\377\0000\0003\0006\0008\0009\000-\213\241\173\227\147\072\177\121\176\334\122\006\134\102\176\323\147\204}{}% 66
\BOOKMARK [2][-]{subsection.0.66}{\376\377\0000\0003\0006\0009\0000\000-\123\117\213\256}{}% 67
\BOOKMARK [2][-]{subsection.0.67}{\376\377\0000\0003\0006\0009\0001\000-\143\245\123\343}{}% 68
\BOOKMARK [2][-]{subsection.0.68}{\376\377\0000\0003\0006\0009\0002\000-\147\015\122\241}{}% 69
\BOOKMARK [2][-]{subsection.0.69}{\376\377\0000\0003\0006\0009\0003\000-\000I\000S\000O\000-\000O\000S\000I\123\302\200\003\152\041\127\213\124\214\000T\000C\000P\000-\000I\000P\123\302\200\003\152\041\127\213}{}% 70
\BOOKMARK [2][-]{subsection.0.70}{\376\377\0000\0003\0006\0009\0004\000-\213\241\173\227\147\072\177\121\176\334\140\047\200\375\143\007\150\007}{}% 71
\BOOKMARK [2][-]{subsection.0.71}{\376\377\0000\0003\0007\0000\0004\000-\117\341\123\367}{}% 72
\BOOKMARK [2][-]{subsection.0.72}{\376\377\0000\0003\0007\0000\0005\000-\117\341\156\220\060\001\117\341\220\123\123\312\117\341\133\277}{}% 73
\BOOKMARK [2][-]{subsection.0.73}{\376\377\0000\0003\0007\0000\0006\000-\220\037\163\207\060\001\154\342\162\171\123\312\170\001\121\103}{}% 74
\BOOKMARK [2][-]{subsection.0.74}{\376\377\0000\0003\0007\0000\0007\000-\136\046\133\275}{}% 75
\BOOKMARK [2][-]{subsection.0.75}{\376\377\0000\0003\0007\0000\0008\000-\131\110\131\116\145\257\162\171\133\232\164\006}{}% 76
\BOOKMARK [2][-]{subsection.0.76}{\376\377\0000\0003\0007\0000\0009\000-\231\231\121\234\133\232\164\006}{}% 77
\BOOKMARK [2][-]{subsection.0.77}{\376\377\0000\0003\0007\0001\0000\000-\177\026\170\001\116\016\214\003\122\066}{}% 78
\BOOKMARK [2][-]{subsection.0.78}{\376\377\0000\0003\0007\0001\0001\000-\145\160\143\156\117\040\217\223\145\271\137\017}{}% 79
\BOOKMARK [2][-]{subsection.0.79}{\376\377\0000\0003\0007\0001\0002\000-\145\160\143\156\142\245\116\016\206\132\165\065\215\357}{}% 80
\BOOKMARK [2][-]{subsection.0.80}{\376\377\0000\0003\0007\0001\0003\000-\117\040\217\223\116\313\215\050\122\006\174\173}{}% 81
\BOOKMARK [2][-]{subsection.0.81}{\376\377\0000\0003\0007\0001\0004\000-\162\151\164\006\134\102\143\245\123\343\162\171\140\047}{}% 82
\BOOKMARK [2][-]{subsection.0.82}{\376\377\0000\0003\0007\0001\0005\000-\116\055\176\347\126\150}{}% 83
\BOOKMARK [2][-]{subsection.0.83}{\376\377\0000\0003\0007\0001\0006\000-\226\306\176\277\126\150}{}% 84
\BOOKMARK [2][-]{subsection.0.84}{\376\377\0000\0003\0007\0001\0007\000-\145\160\143\156\224\376\215\357\134\102\166\204\116\073\211\201\122\237\200\375}{}% 85
\BOOKMARK [2][-]{subsection.0.85}{\376\377\0000\0003\0007\0001\0008\000-\126\333\171\315\176\304\136\047\145\271\154\325}{}% 86
\BOOKMARK [2][-]{subsection.0.86}{\376\377\0000\0003\0007\0001\0009\000-\150\300\225\031\177\026\170\001}{}% 87
\BOOKMARK [2][-]{subsection.0.87}{\376\377\0000\0003\0007\0002\0000\000-\176\240\225\031\177\026\170\001}{}% 88
\BOOKMARK [2][-]{subsection.0.88}{\376\377\0000\0003\0007\0002\0001\000-\155\101\221\317\143\247\122\066}{}% 89
\BOOKMARK [2][-]{subsection.0.89}{\376\377\0000\0003\0007\0002\0002\000-\123\357\227\140\117\040\217\223\147\072\122\066}{}% 90
\BOOKMARK [2][-]{subsection.0.90}{\376\377\0000\0003\0007\0002\0004\000-\120\134\153\142\173\111\137\205\123\117\213\256}{}% 91
\BOOKMARK [2][-]{subsection.0.91}{\376\377\0000\0003\0007\0002\0005\000-\124\016\220\000\000N\136\047\377\010\000G\000B\000N\377\011\123\117\213\256}{}% 92
\BOOKMARK [2][-]{subsection.0.92}{\376\377\0000\0003\0007\0002\0007\000-\123\321\220\001\177\023\133\130\124\214\143\245\145\066\177\023\133\130}{}% 93
\BOOKMARK [2][-]{subsection.0.93}{\376\377\0000\0003\0007\0002\0009\000-\117\341\220\123\122\022\122\006\116\313\215\050\213\277\225\356\143\247\122\066}{}% 94
\BOOKMARK [2][-]{subsection.0.94}{\376\377\0000\0003\0007\0003\0000\000-\226\217\147\072\213\277\225\356\116\313\215\050\213\277\225\356\143\247\122\066}{}% 95
\BOOKMARK [2][-]{subsection.0.95}{\376\377\0000\0003\0007\0003\0001\000-\217\156\213\342\213\277\225\356\116\313\215\050\213\277\225\356\143\247\122\066}{}% 96
\BOOKMARK [2][-]{subsection.0.96}{\376\377\0000\0003\0007\0003\0002\000-\134\100\127\337\177\121\166\204\127\372\147\054\151\202\137\365\116\016\117\123\174\373\176\323\147\204}{}% 97
\BOOKMARK [2][-]{subsection.0.97}{\376\377\0000\0003\0007\0003\0003\000-\116\345\131\052\177\121\166\204\135\345\117\134\123\237\164\006}{}% 98
\BOOKMARK [2][-]{subsection.0.98}{\376\377\0000\0003\0007\0003\0004\000-\116\345\131\052\177\121\166\204\000M\000A\000C\136\047}{}% 99
\BOOKMARK [2][-]{subsection.0.99}{\376\377\0000\0003\0007\0004\0000\000-\000P\000P\000P\123\117\213\256}{}% 100
\BOOKMARK [2][-]{subsection.0.100}{\376\377\0000\0003\0007\0004\0001\000-\000H\000D\000L\000C\123\117\213\256}{}% 101
\BOOKMARK [2][-]{subsection.0.101}{\376\377\0000\0003\0007\0004\0002\000-\177\121\150\145\166\204\151\202\137\365\124\214\127\372\147\054\123\237\164\006}{}% 102
\BOOKMARK [2][-]{subsection.0.102}{\376\377\0000\0003\0007\0004\0003\000-\177\121\150\145\166\204\122\006\174\173}{}% 103
\BOOKMARK [2][-]{subsection.0.103}{\376\377\0000\0003\0007\0004\0004\000-\134\100\127\337\177\121\116\244\143\142\147\072\123\312\135\345\117\134\123\237\164\006}{}% 104
\BOOKMARK [2][-]{subsection.0.104}{\376\377\0000\0003\0007\0005\0000\000-\137\002\147\204\177\121\176\334\116\222\217\336}{}% 105
\BOOKMARK [2][-]{subsection.0.105}{\376\377\0000\0003\0007\0005\0001\000-\215\357\165\061\116\016\217\154\123\321}{}% 106
\BOOKMARK [2][-]{subsection.0.106}{\376\377\0000\0003\0007\0006\0000\000-\227\131\140\001\215\357\165\061\116\016\122\250\140\001\215\357\165\061}{}% 107
\BOOKMARK [2][-]{subsection.0.107}{\376\377\0000\0003\0007\0006\0003\000-\134\102\153\041\215\357\165\061}{}% 108
\BOOKMARK [2][-]{subsection.0.108}{\376\377\0000\0003\0007\0006\0004\000-\000I\000P\000v\0004\122\006\176\304}{}% 109
\BOOKMARK [2][-]{subsection.0.109}{\376\377\0000\0003\0007\0006\0005\000-\000I\000P\000v\0004\127\060\127\100}{}% 110
\BOOKMARK [2][-]{subsection.0.110}{\376\377\0000\0003\0007\0006\0009\000-\000A\000R\000P}{}% 111
\BOOKMARK [2][-]{subsection.0.111}{\376\377\0000\0003\0007\0007\0000\000-\000D\000H\000C\000P}{}% 112
\BOOKMARK [2][-]{subsection.0.112}{\376\377\0000\0003\0007\0007\0001\000-\000I\000C\000M\000P}{}% 113
\BOOKMARK [2][-]{subsection.0.113}{\376\377\0000\0003\0007\0007\0003\000-\000I\000P\000v\0006\166\204\150\074\137\017}{}% 114
\BOOKMARK [2][-]{subsection.0.114}{\376\377\0000\0003\0007\0007\0004\000-\215\357\165\061\220\011\142\351\123\117\213\256\122\006\174\173}{}% 115
\BOOKMARK [2][-]{subsection.0.115}{\376\377\0000\0003\0007\0007\0005\000-\000R\000I\000P}{}% 116
\BOOKMARK [2][-]{subsection.0.116}{\376\377\0000\0003\0007\0007\0006\000-\000O\000S\000P\000F}{}% 117
\BOOKMARK [2][-]{subsection.0.117}{\376\377\0000\0003\0007\0007\0007\000-\000R\000I\000P\124\214\000O\000S\000P\000F\166\204\153\324\217\203}{}% 118
\BOOKMARK [2][-]{subsection.0.118}{\376\377\0000\0003\0007\0007\0008\000-\000B\000G\000P}{}% 119
\BOOKMARK [2][-]{subsection.0.119}{\376\377\0000\0003\0007\0007\0009\000-\000R\000I\000P\060\001\000O\000S\000P\000F\060\001\000B\000G\000P\147\000\176\310\226\110\217\360}{}% 120
\BOOKMARK [2][-]{subsection.0.120}{\376\377\0000\0003\0007\0008\0000\000-\176\304\144\255\166\204\151\202\137\365}{}% 121
\BOOKMARK [2][-]{subsection.0.121}{\376\377\0000\0003\0007\0008\0003\000-\171\373\122\250\000I\000P\166\204\151\202\137\365}{}% 122
\BOOKMARK [2][-]{subsection.0.122}{\376\377\0000\0003\0007\0008\0004\000-\171\373\122\250\000I\000P\166\204\220\032\117\341\217\307\172\013}{}% 123
\BOOKMARK [2][-]{subsection.0.123}{\376\377\0000\0003\0007\0008\0006\000-\215\357\165\061\210\150\116\016\215\357\165\061\217\154\123\321}{}% 124
\BOOKMARK [2][-]{subsection.0.124}{\376\377\0000\0003\0007\0008\0007\000-\117\040\217\223\134\102\166\204\122\237\200\375}{}% 125
\BOOKMARK [2][-]{subsection.0.125}{\376\377\0000\0003\0007\0008\0009\000-\145\340\217\336\143\245\147\015\122\241\116\016\227\142\124\021\217\336\143\245\147\015\122\241}{}% 126
\BOOKMARK [2][-]{subsection.0.126}{\376\377\0000\0003\0007\0009\0000\000-\000U\000D\000P\142\245\145\207\153\265}{}% 127
\BOOKMARK [2][-]{subsection.0.127}{\376\377\0000\0003\0007\0009\0001\000-\000U\000D\000P\150\041\232\214}{}% 128
\BOOKMARK [2][-]{subsection.0.128}{\376\377\0000\0003\0007\0009\0002\000-\000T\000C\000P\142\245\145\207\153\265}{}% 129
\BOOKMARK [2][-]{subsection.0.129}{\376\377\0000\0003\0007\0009\0003\000-\000T\000C\000P\217\336\143\245\173\241\164\006}{}% 130
\BOOKMARK [2][-]{subsection.0.130}{\376\377\0000\0003\0007\0009\0004\000-\000T\000C\000P\123\357\227\140\117\040\217\223}{}% 131
\BOOKMARK [2][-]{subsection.0.131}{\376\377\0000\0003\0007\0009\0006\000-\000T\000C\000P\142\345\130\136\143\247\122\066\166\204\127\372\147\054\151\202\137\365}{}% 132
\BOOKMARK [2][-]{subsection.0.132}{\376\377\0000\0003\0007\0009\0007\000-\142\345\130\136\143\247\122\066\166\204\0004\171\315\173\227\154\325}{}% 133
\BOOKMARK [2][-]{subsection.0.133}{\376\377\0000\0003\0007\0009\0008\000-\000C\000-\000S\152\041\127\213\116\016\000P\0002\000P\152\041\127\213}{}% 134
\BOOKMARK [2][-]{subsection.0.134}{\376\377\0000\0003\0007\0009\0009\000-\000D\000N\000S\174\373\176\337\166\204\151\202\137\365}{}% 135
\BOOKMARK [2][-]{subsection.0.135}{\376\377\0000\0003\0008\0000\0001\000-\127\337\124\015\147\015\122\241\126\150}{}% 136
\BOOKMARK [2][-]{subsection.0.136}{\376\377\0000\0003\0008\0000\0002\000-\127\337\124\015\211\343\147\220\217\307\172\013}{}% 137
\BOOKMARK [2][-]{subsection.0.137}{\376\377\0000\0003\0008\0000\0003\000-\000F\000T\000P\135\345\117\134\123\237\164\006}{}% 138
\BOOKMARK [2][-]{subsection.0.138}{\376\377\0000\0003\0008\0000\0004\000-\143\247\122\066\217\336\143\245\116\016\145\160\143\156\217\336\143\245}{}% 139
\BOOKMARK [2][-]{subsection.0.139}{\376\377\0000\0003\0008\0000\0006\000-\165\065\133\120\220\256\116\366\150\074\137\017\116\016\000M\000I\000M\000E}{}% 140
\BOOKMARK [2][-]{subsection.0.140}{\376\377\0000\0003\0008\0000\0007\000-\000S\000M\000T\000P\116\016\000P\000O\000P\0003}{}% 141
\BOOKMARK [2][-]{subsection.0.141}{\376\377\0000\0003\0008\0000\0008\000-\000W\000W\000W\166\204\151\202\137\365\124\214\176\304\142\020\176\323\147\204}{}% 142
\BOOKMARK [2][-]{subsection.0.142}{\376\377\0000\0003\0008\0000\0009\000-\000H\000T\000T\000P}{}% 143
\BOOKMARK [2][-]{subsection.0.143}{\376\377\0000\0003\0009\0003\0004\000-\121\145\225\350\167\345\213\306}{}% 144
\BOOKMARK [2][-]{subsection.0.144}{\376\377\121\145\225\350\167\345\213\306\0001\377\032\116\206\211\343\225\350\165\065\215\357}{}% 145
\BOOKMARK [2][-]{subsection.0.145}{\376\377\121\145\225\350\167\345\213\306\0002\377\032\116\011\140\001\225\350}{}% 146
\BOOKMARK [2][-]{subsection.0.146}{\376\377\121\145\225\350\167\345\213\306\0003\377\032\162\107\220\011\213\321\170\001\126\150}{}% 147
\BOOKMARK [2][-]{subsection.0.147}{\376\377\121\145\225\350\167\345\213\306\0005\377\032\116\016\133\130\120\250\166\370\121\163\166\204\220\243\116\233\124\015\213\315}{}% 148
\BOOKMARK [2][-]{subsection.0.148}{\376\377\121\145\225\350\167\345\213\306\0006\377\032\116\016\133\127\060\001\133\127\225\177\166\370\121\163\166\204\220\243\116\233\124\015\213\315}{}% 149
\BOOKMARK [2][-]{subsection.0.149}{\376\377\0001\000B\000=\0008\000b\000i\000t\377\014\217\331\116\052\146\057\211\304\133\232\377\014\154\241\147\011\225\031\213\357\060\002\117\106\146\057\137\210\131\032\200\003\165\037\213\244\116\072\116\000\116\052\133\127\173\111\116\216\116\044\116\052\133\127\202\202\377\014\126\340\116\072\116\326\116\354\201\021\155\167\116\055\147\011\116\000\171\315\151\202\137\365\377\032\116\000\116\052\154\111\133\127\123\140\165\050\116\044\116\052\133\127\202\202\060\002\213\241\173\227\147\072\116\055\166\204\133\127\124\214\154\111\133\127\116\055\166\204\133\127\166\204\151\202\137\365\116\015\116\000\150\067\060\002\213\241\173\227\147\072\116\055\166\204\133\127\220\032\136\070\165\061\116\000\116\052\142\026\131\032\116\052\377\010\116\000\202\054\146\057\133\127\202\202\166\204\145\164\145\160\120\015\377\011\133\127\202\202\147\204\142\020\060\002\163\260\127\050\136\070\165\050\166\204\220\375\146\057\0003\0002\117\115\377\010\0004\116\052\133\127\202\202\377\011\133\127\225\177\166\204\147\072\126\150\060\002}{}% 150
\BOOKMARK [2][-]{subsection.0.150}{\376\377\116\345\122\115\146\057\133\130\120\250\133\127\225\177\173\111\116\216\147\072\126\150\133\127\225\177\377\014\126\340\116\072\147\072\126\150\133\127\225\177\146\057\147\072\126\150\116\000\153\041\200\375\131\004\164\006\166\204\153\324\162\171\145\160\377\014\217\331\150\067\116\000\153\041\123\326\116\000\116\052\173\111\225\177\166\204\133\130\120\250\133\127\117\277\116\216\147\072\126\150\131\004\164\006\060\002\163\260\127\050\147\072\126\150\133\127\225\177\116\000\202\054\131\047\116\216\133\130\120\250\133\127\225\177\060\002}{}% 151
\BOOKMARK [2][-]{subsection.0.151}{\376\377\116\000\202\054\236\330\213\244\133\127\225\177\000=\147\072\126\150\133\127\225\177\000=\133\130\120\250\133\127\225\177\060\002}{}% 152
\BOOKMARK [2][-]{subsection.0.152}{\376\377\121\145\225\350\167\345\213\306\0007\377\032\116\016\124\150\147\037\166\370\121\163\166\204\220\243\116\233\124\015\213\315}{}% 153
\BOOKMARK [2][-]{subsection.0.153}{\376\377\0000\0003\0009\0003\0007\000-\213\241\173\227\147\072\170\154\116\366\166\204\127\372\147\054\176\304\142\020}{}% 154
\BOOKMARK [2][-]{subsection.0.154}{\376\377\0000\0003\0009\0004\0000\000-\213\241\173\227\147\072\174\373\176\337\166\204\134\102\153\041\176\323\147\204}{}% 155
\BOOKMARK [2][-]{subsection.0.155}{\376\377\0000\0003\0009\0004\0002\000-\144\315\117\134\174\373\176\337\166\204\151\202\137\365}{}% 156
\BOOKMARK [2][-]{subsection.0.156}{\376\377\0000\0003\0009\0004\0003\000-\213\241\173\227\147\072\140\047\200\375\143\007\150\007}{}% 157
\BOOKMARK [2][-]{subsection.0.157}{\376\377\0000\0003\0009\0004\0005\000-\144\315\117\134\174\373\176\337\166\204\116\073\211\201\122\237\200\375\124\214\143\320\117\233\166\204\147\015\122\241}{}% 158
\BOOKMARK [2][-]{subsection.0.158}{\376\377\0000\0003\0009\0004\0006\000-\217\333\117\115\213\241\145\160\122\066\123\312\121\166\166\370\116\222\217\154\143\142}{}% 159
\BOOKMARK [2][-]{subsection.0.159}{\376\377\0000\0003\0009\0004\0007\000-\167\037\120\074\124\214\147\072\126\150\145\160}{}% 160
\BOOKMARK [2][-]{subsection.0.160}{\376\377\0000\0003\0009\0004\0009\000-\133\127\173\046\124\214\133\127\173\046\116\062}{}% 161
\BOOKMARK [2][-]{subsection.0.161}{\376\377\0000\0003\0009\0005\0000\000-\144\315\117\134\174\373\176\337\166\204\137\142\142\020\116\016\123\321\134\125}{}% 162
\BOOKMARK [2][-]{subsection.0.162}{\376\377\0000\0003\0009\0005\0002\000-\150\041\232\214\170\001}{}% 163
\BOOKMARK [2][-]{subsection.0.163}{\376\377\0000\0003\0009\0005\0003\000-\121\205\150\070\140\001\116\016\165\050\142\067\140\001}{}% 164
\BOOKMARK [2][-]{subsection.0.164}{\376\377\0000\0003\0009\0005\0005\000-\133\232\160\271\145\160\166\204\210\150\171\072}{}% 165
\BOOKMARK [2][-]{subsection.0.165}{\376\377\0000\0003\0009\0005\0006\000-\116\055\145\255\116\016\137\002\136\070}{}% 166
\BOOKMARK [2][-]{subsection.0.166}{\376\377\0000\0003\0009\0005\0008\000-\152\041\127\127\176\304\124\010\176\323\147\204}{}% 167
\BOOKMARK [2][-]{subsection.0.167}{\376\377\0000\0003\0009\0006\0002\000-\217\333\172\013\166\204\133\232\116\111\123\312\143\317\217\360}{}% 168
\BOOKMARK [2][-]{subsection.0.168}{\376\377\0000\0003\0009\0006\0003\000-\217\333\172\013\166\204\162\266\140\001\116\016\217\154\143\142}{}% 169
\BOOKMARK [2][-]{subsection.0.169}{\376\377\0000\0003\0009\0006\0004\000-\217\333\172\013\166\204\143\247\122\066}{}% 170
\BOOKMARK [2][-]{subsection.0.170}{\376\377\0000\0003\0009\0006\0005\000-\176\277\172\013}{}% 171
\BOOKMARK [2][-]{subsection.0.171}{\376\377\0000\0003\0009\0006\0006\000-\217\333\172\013\220\032\117\341}{}% 172
\BOOKMARK [2][-]{subsection.0.172}{\376\377\0000\0003\0009\0006\0007\000-\131\004\164\006\126\150\166\204\116\011\176\247\214\003\136\246}{}% 173
\BOOKMARK [2][-]{subsection.0.173}{\376\377\0000\0003\0009\0006\0008\000-\214\003\136\246\166\204\127\372\147\054\123\237\122\031}{}% 174
\BOOKMARK [2][-]{subsection.0.174}{\376\377\0000\0003\0009\0006\0009\000-\217\333\172\013\214\003\136\246}{}% 175
\BOOKMARK [2][-]{subsection.0.175}{\376\377\0000\0003\0009\0007\0000\000-\136\070\211\301\214\003\136\246\173\227\154\325}{}% 176
\BOOKMARK [2][-]{subsection.0.176}{\376\377\0000\0003\0009\0007\0001\000-\217\333\172\013\124\014\153\145\166\204\127\372\147\054\151\202\137\365}{}% 177
\BOOKMARK [2][-]{subsection.0.177}{\376\377\0000\0003\0009\0007\0002\000-\116\222\145\245\133\236\163\260\145\271\154\325}{}% 178
\BOOKMARK [2][-]{subsection.0.178}{\376\377\0000\0003\0009\0007\0003\000-\117\341\123\367\221\317}{}% 179
\BOOKMARK [2][-]{subsection.0.179}{\376\377\0000\0003\0009\0007\0004\000-\176\317\121\170\124\014\153\145\225\356\230\230}{}% 180
\BOOKMARK [2][-]{subsection.0.180}{\376\377\0000\0003\0009\0007\0005\000-\121\163\116\216\000P\060\001\000V\225\356\230\230\166\204\211\343\230\230\140\035\215\357}{}% 181
\BOOKMARK [2][-]{subsection.0.181}{\376\377\0000\0003\0009\0007\0006\000-\173\241\172\013}{}% 182
\BOOKMARK [2][-]{subsection.0.182}{\376\377\0000\0003\0009\0007\0007\000-\153\173\225\001\166\204\151\202\137\365}{}% 183
\BOOKMARK [2][-]{subsection.0.183}{\376\377\0000\0003\0009\0007\0008\000-\153\173\225\001\116\247\165\037\166\204\123\237\126\340\124\214\137\305\211\201\147\141\116\366}{}% 184
\BOOKMARK [2][-]{subsection.0.184}{\376\377\0000\0003\0009\0007\0009\000-\131\004\164\006\153\173\225\001\166\204\127\372\147\054\145\271\154\325}{}% 185
\BOOKMARK [2][-]{subsection.0.185}{\376\377\0000\0003\0009\0008\0000\000-\153\173\225\001\166\204\230\204\226\062}{}% 186
\BOOKMARK [2][-]{subsection.0.186}{\376\377\0000\0003\0009\0008\0001\000-\153\173\225\001\166\204\220\177\121\115}{}% 187
\BOOKMARK [2][-]{subsection.0.187}{\376\377\0000\0003\0009\0008\0002\000-\153\173\225\001\166\204\150\300\155\113\124\214\211\343\226\144}{}% 188
\BOOKMARK [2][-]{subsection.0.188}{\376\377\0000\0003\0009\0008\0003\000-\153\173\225\001\116\016\231\177\153\173}{}% 189
\BOOKMARK [2][-]{subsection.0.189}{\376\377\0000\0003\0009\0008\0004\000-\133\232\160\271\145\160\166\204\217\320\173\227}{}% 190
\BOOKMARK [2][-]{subsection.0.190}{\376\377\0000\0003\0009\0008\0005\000-\155\156\160\271\145\160\166\204\210\150\171\072}{}% 191
\BOOKMARK [2][-]{subsection.0.191}{\376\377\0000\0003\0009\0008\0006\000-\155\156\160\271\145\160\166\204\122\240\000-\121\317\217\320\173\227}{}% 192
\BOOKMARK [2][-]{subsection.0.192}{\376\377\0000\0003\0009\0008\0007\000-\116\062\210\114\122\240\154\325\126\150\124\214\136\166\210\114\122\240\154\325\126\150}{}% 193
\BOOKMARK [2][-]{subsection.0.193}{\376\377\0000\0003\0009\0008\0008\000-\173\227\147\057\220\073\217\221\123\125\121\103\166\204\122\237\200\375\124\214\176\323\147\204}{}% 194
\BOOKMARK [2][-]{subsection.0.194}{\376\377\0000\0003\0009\0008\0009\000-\133\130\120\250\126\150\166\204\122\006\174\173}{}% 195
\BOOKMARK [2][-]{subsection.0.195}{\376\377\0000\0003\0009\0009\0000\000-\133\130\120\250\126\150\166\204\134\102\153\041\123\026\176\323\147\204}{}% 196
\BOOKMARK [2][-]{subsection.0.196}{\376\377\0000\0003\0009\0009\0001\000-\123\112\133\374\117\123\226\217\147\072\133\130\123\326\133\130\120\250\126\150\127\372\147\054\151\202\137\365}{}% 197
\BOOKMARK [2][-]{subsection.0.197}{\376\377\0000\0003\0009\0009\0002\000-\000S\000R\000A\000M}{}% 198
\BOOKMARK [2][-]{subsection.0.198}{\376\377\0000\0003\0009\0009\0003\000-\000D\000R\000A\000M}{}% 199
\BOOKMARK [2][-]{subsection.0.199}{\376\377\0000\0003\0009\0009\0006\000-\116\073\133\130\120\250\126\150\116\016\000C\000P\000U\166\204\217\336\143\245}{}% 200
\BOOKMARK [2][-]{subsection.0.200}{\376\377\0000\0003\0009\0009\0007\000-\123\314\123\343\000R\000A\000M\124\214\131\032\152\041\127\127\133\130\120\250\126\150}{}% 201
\BOOKMARK [2][-]{subsection.0.201}{\376\377\0000\0003\0009\0009\0008\000-\000C\000a\000c\000h\000e\166\204\127\372\147\054\135\345\117\134\123\237\164\006}{}% 202
\BOOKMARK [2][-]{subsection.0.202}{\376\377\0000\0003\0009\0009\0009\000-\121\205\133\130\173\241\164\006\151\202\217\360}{}% 203
\BOOKMARK [2][-]{subsection.0.203}{\376\377\0000\0004\0000\0000\0001\000-\217\336\176\355\122\006\221\115\173\241\164\006\145\271\137\017}{}% 204
\BOOKMARK [2][-]{subsection.0.204}{\376\377\0000\0004\0000\0000\0002\000-\000C\000a\000c\000h\000e\124\214\116\073\133\130\116\113\225\364\166\204\146\040\134\004\145\271\137\017}{}% 205
\BOOKMARK [2][-]{subsection.0.205}{\376\377\0000\0004\0000\0000\0004\000-\000C\000a\000c\000h\000e\121\231\144\315\117\134\173\126\165\145}{}% 206
\BOOKMARK [2][-]{subsection.0.206}{\376\377\0000\0004\0000\0000\0005\000-\206\132\142\337\133\130\120\250\126\150\166\204\127\372\147\054\151\202\137\365}{}% 207
\BOOKMARK [2][-]{subsection.0.207}{\376\377\0000\0004\0000\0000\0006\000-\230\165\137\017\206\132\142\337\133\130\120\250\126\150}{}% 208
\BOOKMARK [2][-]{subsection.0.208}{\376\377\0000\0004\0000\0001\0002\000-\213\367\154\102\122\006\230\165\133\130\120\250\173\241\164\006\145\271\137\017}{}% 209
\BOOKMARK [2][-]{subsection.0.209}{\376\377\0000\0004\0000\0001\0003\000-\131\026\133\130\120\250\126\150}{}% 210
\BOOKMARK [2][-]{subsection.0.210}{\376\377\0000\0004\0000\0001\0004\000-\230\165\227\142\177\156\143\142\173\227\154\325}{}% 211
\BOOKMARK [2][-]{subsection.0.211}{\376\377\0000\0004\0000\0001\0007\000-\143\007\116\344\166\204\127\372\147\054\150\074\137\017}{}% 212
\BOOKMARK [2][-]{subsection.0.212}{\376\377\0000\0004\0000\0001\0008\000-\133\232\225\177\144\315\117\134\170\001\143\007\116\344\150\074\137\017}{}% 213
\BOOKMARK [2][-]{subsection.0.213}{\376\377\0000\0004\0000\0001\0009\000-\116\015\133\232\225\177\144\315\117\134\170\001\143\007\116\344\150\074\137\017}{}% 214
\BOOKMARK [2][-]{subsection.0.214}{\376\377\0000\0004\0000\0002\0001\000-\136\070\211\301\133\373\127\100\145\271\137\017}{}% 215
\BOOKMARK [2][-]{subsection.0.215}{\376\377\0000\0004\0000\0002\0002\000-\000C\000I\000S\000C\124\214\000R\000I\000S\000C\166\204\127\372\147\054\151\202\137\365}{}% 216
\BOOKMARK [2][-]{subsection.0.216}{\376\377\0000\0004\0000\0002\0003\000-\000C\000P\000U\166\204\122\237\200\375}{}% 217
\BOOKMARK [2][-]{subsection.0.217}{\376\377\0000\0004\0000\0002\0004\000-\000C\000P\000U\166\204\127\372\147\054\176\323\147\204}{}% 218
\BOOKMARK [2][-]{subsection.0.218}{\376\377\0000\0004\0000\0002\0005\000-\000C\000P\000U\116\055\166\204\116\073\211\201\133\304\133\130\126\150}{}% 219
\BOOKMARK [2][-]{subsection.0.219}{\376\377\0000\0004\0000\0002\0006\000-\142\226\122\250\163\260\214\141\116\016\177\072\230\165\163\207}{}% 220
\BOOKMARK [2][-]{subsection.0.220}{\376\377\0000\0004\0000\0002\0007\000-\213\367\154\102\122\006\153\265\133\130\120\250\173\241\164\006\174\373\176\337}{}% 221
\BOOKMARK [2][-]{subsection.0.221}{\376\377\0000\0004\0000\0002\0008\000-\121\205\133\130\173\241\164\006\145\271\137\017\116\113\225\364\166\204\153\324\217\203}{}% 222
\BOOKMARK [2][-]{subsection.0.222}{\376\377\0000\0004\0000\0002\0009\000-\121\205\133\130\173\241\164\006\213\241\173\227\116\055\127\060\127\100\166\204\131\004\164\006}{}% 223
\BOOKMARK [2][-]{subsection.0.223}{\376\377\0000\0004\0000\0003\0001\000-\143\007\116\344\124\150\147\037}{}% 224
\BOOKMARK [2][-]{subsection.0.224}{\376\377\0000\0004\0000\0003\0002\000-\213\367\154\102\122\006\230\165\173\241\164\006\145\271\137\017\116\055\147\011\145\110\213\277\225\356\145\366\225\364\166\204\213\241\173\227}{}% 225
\BOOKMARK [2][-]{subsection.0.225}{\376\377\0000\0004\0000\0003\0003\000-\143\007\116\344\166\204\142\147\210\114\217\307\172\013\116\016\117\341\140\157\155\101}{}% 226
\BOOKMARK [2][-]{subsection.0.226}{\376\377\0000\0004\0000\0003\0004\000-\145\207\116\366\166\204\127\372\147\054\151\202\137\365}{}% 227
\BOOKMARK [2][-]{subsection.0.227}{\376\377\0000\0004\0000\0003\0006\000-\145\207\116\366\166\204\220\073\217\221\176\323\147\204}{}% 228
\BOOKMARK [2][-]{subsection.0.228}{\376\377\0000\0004\0000\0003\0007\000-\166\356\137\125\176\323\147\204}{}% 229
\BOOKMARK [2][-]{subsection.0.229}{\376\377\0000\0004\0000\0003\0008\000-\145\207\116\366\121\161\116\253}{}% 230
\BOOKMARK [2][-]{subsection.0.230}{\376\377\0000\0004\0000\0003\0009\000-\145\160\143\156\220\032\215\357\166\204\122\237\200\375\124\214\127\372\147\054\176\323\147\204}{}% 231
\BOOKMARK [2][-]{subsection.0.231}{\376\377\0000\0004\0000\0004\0002\000-\166\356\137\125\166\204\133\236\163\260}{}% 232
\BOOKMARK [2][-]{subsection.0.232}{\376\377\0000\0004\0000\0004\0003\000-\145\207\116\366\166\204\133\236\163\260}{}% 233
\BOOKMARK [2][-]{subsection.0.233}{\376\377\0000\0004\0000\0004\0004\000-\143\247\122\066\123\125\121\103\166\204\122\237\200\375}{}% 234
\BOOKMARK [2][-]{subsection.0.234}{\376\377\0000\0004\0000\0004\0005\000-\170\301\166\330\176\323\147\204}{}% 235
\BOOKMARK [2][-]{subsection.0.235}{\376\377\0000\0004\0000\0004\0006\000-\214\003\136\246\173\227\154\325}{}% 236
\BOOKMARK [2][-]{subsection.0.236}{\376\377\0000\0004\0000\0004\0007\000-\170\301\166\330\173\241\164\006}{}% 237
\BOOKMARK [2][-]{subsection.0.237}{\376\377\0000\0004\0000\0004\0008\000-\000I\000-\000O\213\276\131\007\166\204\122\006\174\173\116\016\000I\000-\000O\173\241\164\006\166\204\116\373\122\241}{}% 238
\BOOKMARK [2][-]{subsection.0.238}{\376\377\0000\0004\0000\0004\0009\000-\000I\000-\000O\143\247\122\066\145\271\137\017}{}% 239
\BOOKMARK [2][-]{subsection.0.239}{\376\377\0000\0004\0000\0005\0000\000-\000I\000-\000O\217\157\116\366\134\102\153\041\176\323\147\204}{}% 240
\BOOKMARK [2][-]{subsection.0.240}{\376\377\0000\0004\0000\0005\0003\000-\213\276\131\007\122\006\221\115\116\016\126\336\145\066}{}% 241
\BOOKMARK [2][-]{subsection.0.241}{\376\377\0000\0004\0000\0005\0004\000-\120\107\201\061\147\072\142\200\147\057}{}% 242
\BOOKMARK [2][-]{subsection.0.242}{\376\377\0000\0004\0000\0005\0005\000-\143\247\122\066\123\125\121\103\166\204\213\276\213\241}{}% 243
\BOOKMARK [2][-]{subsection.0.243}{\376\377\0000\0004\0000\0005\0006\000-\143\007\116\344\155\101\154\064\176\277\166\204\127\372\147\054\151\202\137\365}{}% 244
\BOOKMARK [2][-]{subsection.0.244}{\376\377\0000\0004\0000\0005\0007\000-\143\007\116\344\155\101\154\064\176\277\166\204\127\372\147\054\133\236\163\260}{}% 245
\BOOKMARK [2][-]{subsection.0.245}{\376\377\0000\0004\0000\0005\0008\000-\215\205\150\007\221\317\124\214\122\250\140\001\155\101\154\064\176\277\166\204\127\372\147\054\151\202\137\365}{}% 246
\BOOKMARK [2][-]{subsection.0.246}{\376\377\0000\0004\0000\0005\0009\000-\116\055\145\255\174\373\176\337}{}% 247
\BOOKMARK [2][-]{subsection.0.247}{\376\377\0000\0004\0000\0006\0000\000-\140\073\176\277\166\204\127\372\147\054\151\202\137\365}{}% 248
\BOOKMARK [2][-]{subsection.0.248}{\376\377\0000\0004\0000\0006\0001\000-\140\073\176\277\166\204\122\006\174\173}{}% 249
\BOOKMARK [2][-]{subsection.0.249}{\376\377\0000\0004\0000\0006\0002\000-\140\073\176\277\166\204\176\304\142\020\123\312\140\047\200\375\143\007\150\007}{}% 250
\BOOKMARK [2][-]{subsection.0.250}{\376\377\0000\0004\0000\0006\0003\000-\140\073\176\277\166\204\176\323\147\204}{}% 251
\BOOKMARK [2][-]{subsection.0.251}{\376\377\0000\0004\0000\0006\0004\000-\226\306\116\055\116\362\210\301\145\271\137\017}{}% 252
\BOOKMARK [2][-]{subsection.0.252}{\376\377\0000\0004\0000\0006\0005\000-\122\006\136\003\116\362\210\301\145\271\137\017}{}% 253
\BOOKMARK [2][-]{subsection.0.253}{\376\377\0000\0004\0000\0006\0006\000-\140\073\176\277\124\150\147\037\166\204\151\202\137\365}{}% 254
\BOOKMARK [2][-]{subsection.0.254}{\376\377\0000\0004\0000\0006\0007\000-\124\014\153\145\133\232\145\366\145\271\137\017}{}% 255
\BOOKMARK [2][-]{subsection.0.255}{\376\377\0000\0004\0000\0006\0008\000-\137\002\153\145\133\232\145\366\145\271\137\017}{}% 256
\BOOKMARK [2][-]{subsection.0.256}{\376\377\0000\0004\0000\0006\0009\000-\140\073\176\277\150\007\121\306}{}% 257
\BOOKMARK [2][-]{subsection.0.257}{\376\377\0000\0004\0000\0007\0000\000-\000I\000-\000O\174\373\176\337\127\372\147\054\151\202\137\365}{}% 258
\BOOKMARK [2][-]{subsection.0.258}{\376\377\0000\0004\0000\0007\0001\000-\000I\000-\000O\213\276\131\007\122\006\174\173}{}% 259
\BOOKMARK [2][-]{subsection.0.259}{\376\377\0000\0004\0000\0007\0002\000-\217\223\121\145\213\276\131\007}{}% 260
\BOOKMARK [2][-]{subsection.0.260}{\376\377\0000\0004\0000\0007\0003\000-\217\223\121\372\213\276\131\007}{}% 261
\BOOKMARK [2][-]{subsection.0.261}{\376\377\0000\0004\0000\0007\0004\000-\000I\000-\000O\143\245\123\343\127\372\170\100\167\345\213\306}{}% 262
\BOOKMARK [2][-]{subsection.0.262}{\376\377\0000\0004\0000\0007\0005\000-\000I\000-\000O\143\245\123\343\166\204\122\237\200\375\124\214\127\372\147\054\176\323\147\204}{}% 263
\BOOKMARK [2][-]{subsection.0.263}{\376\377\0000\0004\0000\0007\0006\000-\000I\000-\000O\172\357\123\343\123\312\121\166\177\026\127\100}{}% 264
\BOOKMARK [2][-]{subsection.0.264}{\376\377\0000\0004\0000\0007\0007\000-\172\013\136\217\147\345\213\342\145\271\137\017}{}% 265
\BOOKMARK [2][-]{subsection.0.265}{\376\377\0000\0004\0000\0007\0008\000-\172\013\136\217\116\055\145\255\145\271\137\017}{}% 266
\BOOKMARK [2][-]{subsection.0.266}{\376\377\0000\0004\0000\0007\0009\000-\000D\000M\000A\145\271\137\017}{}% 267
\BOOKMARK [2][-]{subsection.0.267}{\376\377\0000\0004\0000\0008\0001\000-\122\240\133\306\173\227\154\325}{}% 268
\BOOKMARK [2][-]{subsection.0.268}{\376\377\0000\0004\0000\0008\0004\000-\000F\000D\000D\000I\163\257}{}% 269
\BOOKMARK [2][-]{subsection.0.269}{\376\377\0000\0004\0000\0008\0007\000-\155\156\160\271\145\160\166\204\116\130\226\144\154\325\217\320\173\227}{}% 270
\BOOKMARK [2][-]{subsection.0.270}{\376\377\0001\0008\0006\0005\0009\000-\000C\000I\000D\000R}{}% 271
\BOOKMARK [2][-]{subsection.0.271}{\376\377\0001\0008\0006\0006\0000\000-\133\120\177\121\122\022\122\006\116\016\133\120\177\121\143\251\170\001}{}% 272
\BOOKMARK [2][-]{subsection.0.272}{\376\377\0001\0008\0006\0006\0001\000-\000I\000P\000v\0004\127\060\127\100}{}% 273
\BOOKMARK [2][-]{subsection.0.273}{\376\377\0002\0000\0008\0004\0005\000-\145\366\225\364\131\015\147\102\136\246\116\016\172\172\225\364\131\015\147\102\136\246\122\006\147\220\127\372\170\100}{}% 274
\BOOKMARK [2][-]{subsection.0.274}{\376\377\0002\0000\0008\0004\0008\000-\145\160\143\156\162\151\164\006\176\323\147\204}{}% 275
\BOOKMARK [2][-]{subsection.0.275}{\376\377\0002\0000\0008\0004\0009\000-\173\227\154\325}{}% 276
